[19-Dec-2018 17:04:25] NOTICE: fpm is running, pid 1
[19-Dec-2018 17:04:25] NOTICE: ready to handle connections
[19-Dec-2018 17:05:30] NOTICE: Terminating ...
[19-Dec-2018 17:05:30] NOTICE: exiting, bye-bye!
[19-Dec-2018 17:05:38] NOTICE: fpm is running, pid 1
[19-Dec-2018 17:05:38] NOTICE: ready to handle connections
[19-Dec-2018 17:08:36] NOTICE: Terminating ...
[19-Dec-2018 17:08:36] NOTICE: exiting, bye-bye!
[19-Dec-2018 17:08:39] NOTICE: fpm is running, pid 1
[19-Dec-2018 17:08:39] NOTICE: ready to handle connections
[19-Dec-2018 17:08:55] NOTICE: Terminating ...
[19-Dec-2018 17:08:55] NOTICE: exiting, bye-bye!
[19-Dec-2018 17:08:57] NOTICE: fpm is running, pid 1
[19-Dec-2018 17:08:57] NOTICE: ready to handle connections
[19-Dec-2018 17:09:13] NOTICE: Terminating ...
[19-Dec-2018 17:09:13] NOTICE: exiting, bye-bye!
[19-Dec-2018 17:09:16] NOTICE: fpm is running, pid 1
[19-Dec-2018 17:09:16] NOTICE: ready to handle connections
[19-Dec-2018 17:11:49] NOTICE: Terminating ...
[19-Dec-2018 17:11:49] NOTICE: exiting, bye-bye!
[19-Dec-2018 17:11:52] NOTICE: fpm is running, pid 1
[19-Dec-2018 17:11:52] NOTICE: ready to handle connections
[19-Dec-2018 17:12:24] NOTICE: Terminating ...
[19-Dec-2018 17:12:24] NOTICE: exiting, bye-bye!
[19-Dec-2018 17:12:26] NOTICE: fpm is running, pid 1
[19-Dec-2018 17:12:26] NOTICE: ready to handle connections
[19-Dec-2018 17:12:33] NOTICE: Terminating ...
[19-Dec-2018 17:12:33] NOTICE: exiting, bye-bye!
[19-Dec-2018 17:12:35] NOTICE: fpm is running, pid 1
[19-Dec-2018 17:12:35] NOTICE: ready to handle connections
[19-Dec-2018 17:15:25] NOTICE: Terminating ...
[19-Dec-2018 17:15:25] NOTICE: exiting, bye-bye!
[19-Dec-2018 17:15:28] NOTICE: fpm is running, pid 1
[19-Dec-2018 17:15:28] NOTICE: ready to handle connections
[19-Dec-2018 17:15:32] NOTICE: Terminating ...
[19-Dec-2018 17:15:32] NOTICE: exiting, bye-bye!
[19-Dec-2018 17:16:07] NOTICE: fpm is running, pid 1
[19-Dec-2018 17:16:07] NOTICE: ready to handle connections
[19-Dec-2018 17:16:11] NOTICE: Terminating ...
[19-Dec-2018 17:16:11] NOTICE: exiting, bye-bye!
[19-Dec-2018 17:16:19] NOTICE: fpm is running, pid 1
[19-Dec-2018 17:16:19] NOTICE: ready to handle connections
[19-Dec-2018 17:20:25] NOTICE: Terminating ...
[19-Dec-2018 17:20:25] NOTICE: exiting, bye-bye!
[19-Dec-2018 17:20:32] NOTICE: fpm is running, pid 1
[19-Dec-2018 17:20:32] NOTICE: ready to handle connections
[19-Dec-2018 17:23:31] NOTICE: Terminating ...
[19-Dec-2018 17:23:31] NOTICE: exiting, bye-bye!
[19-Dec-2018 17:23:34] NOTICE: fpm is running, pid 1
[19-Dec-2018 17:23:34] NOTICE: ready to handle connections
[19-Dec-2018 17:26:33] NOTICE: Terminating ...
[19-Dec-2018 17:26:33] NOTICE: exiting, bye-bye!
[19-Dec-2018 17:26:38] NOTICE: fpm is running, pid 1
[19-Dec-2018 17:26:38] NOTICE: ready to handle connections
[19-Dec-2018 17:42:52] NOTICE: Terminating ...
[19-Dec-2018 17:42:52] NOTICE: exiting, bye-bye!
[19-Dec-2018 17:43:02] NOTICE: fpm is running, pid 1
[19-Dec-2018 17:43:02] NOTICE: ready to handle connections
[19-Dec-2018 17:44:43] NOTICE: Terminating ...
[19-Dec-2018 17:44:43] NOTICE: exiting, bye-bye!
[19-Dec-2018 17:44:51] NOTICE: fpm is running, pid 1
[19-Dec-2018 17:44:51] NOTICE: ready to handle connections
[19-Dec-2018 18:15:12] NOTICE: Terminating ...
[19-Dec-2018 18:15:12] NOTICE: exiting, bye-bye!
[19-Dec-2018 18:17:36] NOTICE: fpm is running, pid 1
[19-Dec-2018 18:17:36] NOTICE: ready to handle connections
[19-Dec-2018 18:17:42] NOTICE: Terminating ...
[19-Dec-2018 18:17:42] NOTICE: exiting, bye-bye!
[19-Dec-2018 18:17:54] NOTICE: fpm is running, pid 1
[19-Dec-2018 18:17:54] NOTICE: ready to handle connections
[19-Dec-2018 18:52:44] NOTICE: Terminating ...
[19-Dec-2018 18:52:44] NOTICE: exiting, bye-bye!
[19-Dec-2018 18:52:44] NOTICE: fpm is running, pid 1
[19-Dec-2018 18:52:44] NOTICE: ready to handle connections
[19-Dec-2018 18:55:05] NOTICE: Terminating ...
[19-Dec-2018 18:55:05] NOTICE: exiting, bye-bye!
[19-Dec-2018 18:55:10] NOTICE: fpm is running, pid 1
[19-Dec-2018 18:55:10] NOTICE: ready to handle connections
[19-Dec-2018 18:55:45] NOTICE: Terminating ...
[19-Dec-2018 18:55:45] NOTICE: exiting, bye-bye!
[19-Dec-2018 18:55:51] NOTICE: fpm is running, pid 1
[19-Dec-2018 18:55:51] NOTICE: ready to handle connections
[19-Dec-2018 18:56:53] NOTICE: Terminating ...
[19-Dec-2018 18:56:53] NOTICE: exiting, bye-bye!
[19-Dec-2018 18:56:57] NOTICE: fpm is running, pid 1
[19-Dec-2018 18:56:57] NOTICE: ready to handle connections
[23-Dec-2018 02:34:14] NOTICE: fpm is running, pid 1
[23-Dec-2018 02:34:14] NOTICE: ready to handle connections
[23-Dec-2018 02:34:20] NOTICE: Terminating ...
[23-Dec-2018 02:34:20] NOTICE: exiting, bye-bye!
[23-Dec-2018 02:34:24] NOTICE: fpm is running, pid 1
[23-Dec-2018 02:34:24] NOTICE: ready to handle connections
[23-Dec-2018 03:21:10] NOTICE: Terminating ...
[23-Dec-2018 03:21:10] NOTICE: exiting, bye-bye!
[23-Dec-2018 03:21:16] NOTICE: fpm is running, pid 1
[23-Dec-2018 03:21:16] NOTICE: ready to handle connections
[23-Dec-2018 03:26:05] NOTICE: Terminating ...
[23-Dec-2018 03:26:05] NOTICE: exiting, bye-bye!
[23-Dec-2018 03:26:12] NOTICE: fpm is running, pid 1
[23-Dec-2018 03:26:12] NOTICE: ready to handle connections
[23-Dec-2018 03:29:29] NOTICE: Terminating ...
[23-Dec-2018 03:29:29] NOTICE: exiting, bye-bye!
[23-Dec-2018 03:29:32] NOTICE: fpm is running, pid 1
[23-Dec-2018 03:29:32] NOTICE: ready to handle connections
[23-Dec-2018 16:43:56] NOTICE: Terminating ...
[23-Dec-2018 16:43:56] NOTICE: exiting, bye-bye!
[23-Dec-2018 16:44:01] NOTICE: fpm is running, pid 1
[23-Dec-2018 16:44:01] NOTICE: ready to handle connections
[24-Dec-2018 19:55:10] NOTICE: Terminating ...
[24-Dec-2018 19:55:10] NOTICE: exiting, bye-bye!
[25-Dec-2018 02:02:09] NOTICE: fpm is running, pid 1
[25-Dec-2018 02:02:09] NOTICE: ready to handle connections
[26-Dec-2018 17:34:37] NOTICE: Terminating ...
[26-Dec-2018 17:34:37] NOTICE: exiting, bye-bye!
[26-Dec-2018 17:34:40] NOTICE: fpm is running, pid 1
[26-Dec-2018 17:34:40] NOTICE: ready to handle connections
[26-Dec-2018 19:27:56] WARNING: [pool www] server reached pm.max_children setting (5), consider raising it
[26-Dec-2018 20:08:32] NOTICE: Terminating ...
[26-Dec-2018 20:08:32] NOTICE: exiting, bye-bye!
[26-Dec-2018 20:08:58] NOTICE: fpm is running, pid 1
[26-Dec-2018 20:08:58] NOTICE: ready to handle connections
